<?xml version="1.0" encoding="UTF-8"?>
<testsuite xmlns:xsi="http://www.w3.org/2001/XMLSchema-instance" xsi:noNamespaceSchemaLocation="https://maven.apache.org/surefire/maven-surefire-plugin/xsd/surefire-test-report-3.0.xsd" version="3.0" name="ru.yandex.praktikum.user.UserUpdateTest" time="3.073" tests="2" errors="0" skipped="0" failures="0">
  <properties>
[...]
</properties>
  <testcase name="updateUserWithoutAuthorization" classname="ru.yandex.praktikum.user.UserUpdateTest" time="1.292"/>
  <testcase name="updateUserByAuthorization" classname="ru.yandex.praktikum.user.UserUpdateTest" time="1.781"/>
</testsuite>